<?xml version="1.0" encoding="UTF-8"?>
<testsuite xmlns:xsi="http://www.w3.org/2001/XMLSchema-instance" xsi:noNamespaceSchemaLocation="https://maven.apache.org/surefire/maven-surefire-plugin/xsd/surefire-test-report-3.0.xsd" version="3.0" name="blog.eric231.examples.helloworld.HelloworldIntegrationTest" time="1.621" tests="1" errors="0" skipped="0" failures="0">
  <properties>
[...]
</properties>
  <testcase name="testHelloEndpoint" classname="blog.eric231.examples.helloworld.HelloworldIntegrationTest" time="0.437">
    <system-out><![CDATA[17:52:50.608 [main] INFO org.springframework.test.context.support.AnnotationConfigContextLoaderUtils -- Could not detect default configuration classes for test class [blog.eric231.examples.helloworld.HelloworldIntegrationTest]: HelloworldIntegrationTest does not declare any static, non-private, non-final, nested classes annotated with @Configuration.
17:52:50.656 [main] INFO org.springframework.boot.test.context.SpringBootTestContextBootstrapper -- Found @SpringBootConfiguration blog.eric231.examples.helloworld.HelloworldServiceApplication for test class blog.eric231.examples.helloworld.HelloworldIntegrationTest

  .   ____          _            __ _ _
 /\\ / ___'_ __ _ _(_)_ __  __ _ \ \ \ \
( ( )\___ | '_ | '_| | '_ \/ _` | \ \ \ \
 \\/  ___)| |_)| | | | | || (_| |  ) ) ) )
  '  |____| .__|_| |_|_| |_\__, | / / / /
 =========|_|==============|___/=/_/_/_/
 :: Spring Boot ::                (v3.2.2)

2025-08-01T17:52:50.843+08:00  INFO 22352 --- [           main] b.e.e.h.HelloworldIntegrationTest        : Starting HelloworldIntegrationTest using Java 17.0.10 with PID 22352 (started by ericchen in /Users/ericchen/gemini/microservice-parent/examples/helloworld-service)
2025-08-01T17:52:50.844+08:00  INFO 22352 --- [           main] b.e.e.h.HelloworldIntegrationTest        : No active profile set, falling back to 1 default profile: "default"
2025-08-01T17:52:50.884+08:00  WARN 22352 --- [           main] o.s.c.a.AnnotationBeanNameGenerator      : Support for convention-based stereotype names is deprecated and will be removed in a future version of the framework. Please annotate the 'value' attribute in @blog.eric231.framework.application.usecase.BP with @AliasFor(annotation=Component.class) to declare an explicit alias for @Component's 'value' attribute.
2025-08-01T17:52:51.123+08:00  INFO 22352 --- [           main] .s.d.r.c.RepositoryConfigurationDelegate : Multiple Spring Data modules found, entering strict repository configuration mode
2025-08-01T17:52:51.124+08:00  INFO 22352 --- [           main] .s.d.r.c.RepositoryConfigurationDelegate : Bootstrapping Spring Data LDAP repositories in DEFAULT mode.
2025-08-01T17:52:51.133+08:00  INFO 22352 --- [           main] .s.d.r.c.RepositoryConfigurationDelegate : Finished Spring Data repository scanning in 6 ms. Found 0 LDAP repository interfaces.
2025-08-01T17:52:51.251+08:00  INFO 22352 --- [           main] ptablePropertiesBeanFactoryPostProcessor : Post-processing PropertySource instances
2025-08-01T17:52:51.251+08:00  INFO 22352 --- [           main] c.u.j.EncryptablePropertySourceConverter : Converting PropertySource Annotations [org.springframework.boot.test.autoconfigure.properties.AnnotationsPropertySource] to EncryptableEnumerablePropertySourceWrapper
2025-08-01T17:52:51.252+08:00  INFO 22352 --- [           main] c.u.j.EncryptablePropertySourceConverter : Skipping PropertySource configurationProperties [class org.springframework.boot.context.properties.source.ConfigurationPropertySourcesPropertySource
2025-08-01T17:52:51.252+08:00  INFO 22352 --- [           main] c.u.j.EncryptablePropertySourceConverter : Converting PropertySource test [org.springframework.core.env.MapPropertySource] to EncryptableMapPropertySourceWrapper
2025-08-01T17:52:51.252+08:00  INFO 22352 --- [           main] c.u.j.EncryptablePropertySourceConverter : Converting PropertySource Inlined Test Properties [org.springframework.core.env.MapPropertySource] to EncryptableMapPropertySourceWrapper
2025-08-01T17:52:51.252+08:00  INFO 22352 --- [           main] c.u.j.EncryptablePropertySourceConverter : Skipping PropertySource servletConfigInitParams [class org.springframework.core.env.PropertySource$StubPropertySource
2025-08-01T17:52:51.252+08:00  INFO 22352 --- [           main] c.u.j.EncryptablePropertySourceConverter : Converting PropertySource servletContextInitParams [org.springframework.web.context.support.ServletContextPropertySource] to EncryptableEnumerablePropertySourceWrapper
2025-08-01T17:52:51.252+08:00  INFO 22352 --- [           main] c.u.j.EncryptablePropertySourceConverter : Converting PropertySource systemProperties [org.springframework.core.env.PropertiesPropertySource] to EncryptableMapPropertySourceWrapper
2025-08-01T17:52:51.252+08:00  INFO 22352 --- [           main] c.u.j.EncryptablePropertySourceConverter : Converting PropertySource systemEnvironment [org.springframework.boot.env.SystemEnvironmentPropertySourceEnvironmentPostProcessor$OriginAwareSystemEnvironmentPropertySource] to EncryptableSystemEnvironmentPropertySourceWrapper
2025-08-01T17:52:51.252+08:00  INFO 22352 --- [           main] c.u.j.EncryptablePropertySourceConverter : Converting PropertySource random [org.springframework.boot.env.RandomValuePropertySource] to EncryptablePropertySourceWrapper
2025-08-01T17:52:51.252+08:00  INFO 22352 --- [           main] c.u.j.EncryptablePropertySourceConverter : Converting PropertySource Config resource 'class path resource [application.yml]' via location 'optional:classpath:/' [org.springframework.boot.env.OriginTrackedMapPropertySource] to EncryptableMapPropertySourceWrapper
2025-08-01T17:52:51.317+08:00  INFO 22352 --- [           main] c.u.j.filter.DefaultLazyPropertyFilter   : Property Filter custom Bean not found with name 'encryptablePropertyFilter'. Initializing Default Property Filter
2025-08-01T17:52:51.323+08:00  INFO 22352 --- [           main] c.u.j.r.DefaultLazyPropertyResolver      : Property Resolver custom Bean not found with name 'encryptablePropertyResolver'. Initializing Default Property Resolver
2025-08-01T17:52:51.324+08:00  INFO 22352 --- [           main] c.u.j.d.DefaultLazyPropertyDetector      : Property Detector custom Bean not found with name 'encryptablePropertyDetector'. Initializing Default Property Detector
2025-08-01T17:52:51.594+08:00  INFO 22352 --- [           main] o.s.l.c.support.AbstractContextSource    : Property 'userDn' not set - anonymous context will be used for read-write operations
2025-08-01T17:52:51.614+08:00  WARN 22352 --- [           main] .s.s.UserDetailsServiceAutoConfiguration : 

Using generated security password: c76f4a5a-b170-4ab0-9218-3a7039bec4b9

This generated password is for development use only. Your security configuration must be updated before running your application in production.

2025-08-01T17:52:51.670+08:00  INFO 22352 --- [           main] o.s.s.web.DefaultSecurityFilterChain     : Will secure any request with [org.springframework.security.web.session.DisableEncodeUrlFilter@532dacf5, org.springframework.security.web.context.request.async.WebAsyncManagerIntegrationFilter@da09250, org.springframework.security.web.context.SecurityContextHolderFilter@119d4443, org.springframework.security.web.header.HeaderWriterFilter@3ccb12d, org.springframework.web.filter.CorsFilter@6d31f106, org.springframework.security.web.csrf.CsrfFilter@50f4b83d, org.springframework.security.web.authentication.logout.LogoutFilter@60b616c8, org.springframework.security.web.authentication.UsernamePasswordAuthenticationFilter@4c04216f, org.springframework.security.web.authentication.ui.DefaultLoginPageGeneratingFilter@5f56424d, org.springframework.security.web.authentication.ui.DefaultLogoutPageGeneratingFilter@587f4f63, org.springframework.security.web.authentication.www.BasicAuthenticationFilter@2cae5fa7, org.springframework.security.web.savedrequest.RequestCacheAwareFilter@7d47dfed, org.springframework.security.web.servletapi.SecurityContextHolderAwareRequestFilter@3a38e4dc, org.springframework.security.web.authentication.AnonymousAuthenticationFilter@660b1a9d, org.springframework.security.web.access.ExceptionTranslationFilter@537b3b2e, org.springframework.security.web.access.intercept.AuthorizationFilter@ee96866]
2025-08-01T17:52:51.691+08:00  INFO 22352 --- [           main] o.s.b.t.m.w.SpringBootMockServletContext : Initializing Spring TestDispatcherServlet ''
2025-08-01T17:52:51.691+08:00  INFO 22352 --- [           main] o.s.t.web.servlet.TestDispatcherServlet  : Initializing Servlet ''
2025-08-01T17:52:51.692+08:00  INFO 22352 --- [           main] o.s.t.web.servlet.TestDispatcherServlet  : Completed initialization in 0 ms
2025-08-01T17:52:51.706+08:00  INFO 22352 --- [           main] b.e.e.h.HelloworldIntegrationTest        : Started HelloworldIntegrationTest in 0.988 seconds (process running for 1.409)
]]></system-out>
  </testcase>
</testsuite>